<?xml version="1.0" ?>
<coverage branch-rate="1" branches-covered="10" branches-valid="10" complexity="0" line-rate="1" lines-covered="25" lines-valid="25" timestamp="1602076281610" version="5.3">
	<!-- Generated by coverage.py: https://coverage.readthedocs.io -->
	<!-- Based on https://raw.githubusercontent.com/cobertura/web/master/htdocs/xml/coverage-04.dtd -->
	<sources>
		<source>/home/student/Documents/cs3280project2/src/main/python</source>
	</sources>
	<packages>
		<package branch-rate="1" complexity="0" line-rate="1" name=".">
			<classes>
				<class branch-rate="1" complexity="0" filename="/__init__.py" line-rate="1" name="__init__.py">
					<methods/>
					<lines/>
				</class>
				<class branch-rate="1" complexity="0" filename="subnet_calculator.py" line-rate="1" name="subnet_calculator.py">
					<methods/>
					<lines>
						<line hits="1" number="2"/>
						<line hits="1" number="5"/>
						<line hits="1" number="7"/>
						<line hits="1" number="8"/>
						<line hits="1" number="10"/>
						<line hits="1" number="11"/>
						<line hits="1" number="13"/>
						<line hits="1" number="19"/>
						<line branch="true" condition-coverage="100% (2/2)" hits="1" number="21"/>
						<line hits="1" number="22"/>
						<line hits="1" number="24"/>
						<line hits="1" number="26"/>
						<line branch="true" condition-coverage="100% (2/2)" hits="1" number="32"/>
						<line hits="1" number="34"/>
						<line hits="1" number="36"/>
						<line branch="true" condition-coverage="100% (2/2)" hits="1" number="38"/>
						<line hits="1" number="39"/>
						<line hits="1" number="41"/>
						<line hits="1" number="43"/>
						<line branch="true" condition-coverage="100% (2/2)" hits="1" number="50"/>
						<line hits="1" number="51"/>
						<line hits="1" number="53"/>
						<line branch="true" condition-coverage="100% (2/2)" hits="1" number="55"/>
						<line hits="1" number="56"/>
						<line hits="1" number="58"/>
					</lines>
				</class>
			</classes>
		</package>
	</packages>
</coverage>
