<?xml version="1.0" encoding="UTF-8"?>
<testsuite errors="13" failures="0" file="subnet_calculator_tests.py" name="subnet_calculator_tests.ValidateNetmaskBitFormat-20201009233017" skipped="0" tests="13" time="0.074" timestamp="2020-10-09T23:30:19">
	<testcase classname="subnet_calculator_tests.ValidateNetmaskBitFormat" name="test_empty_netmask" time="0.035" timestamp="2020-10-09T23:30:19">
		<error message="unbalanced parenthesis at position 30" type="error">
<![CDATA[Traceback (most recent call last):
  File "/usr/lib/python3.6/unittest/case.py", line 59, in testPartExecutor
    yield
  File "/usr/lib/python3.6/unittest/case.py", line 605, in run
    testMethod()
  File "/home/student/Documents/cs3280project2/src/unittest/python/subnet_calculator_tests.py", line 561, in test_empty_netmask
    is_valid = subnet_calculator.validate_netmask_bit_format('')
  File "/home/student/Documents/cs3280project2/src/main/python/subnet_calculator.py", line 68, in validate_netmask_bit_format
    if (re.match(valid_netmask_bit_regex, netmask)):
  File "/home/student/Documents/cs3280project2/target/venv/build/cpython-3.6.9.final.0/lib/python3.6/re.py", line 172, in match
    return _compile(pattern, flags).match(string)
  File "/home/student/Documents/cs3280project2/target/venv/build/cpython-3.6.9.final.0/lib/python3.6/re.py", line 301, in _compile
    p = sre_compile.compile(pattern, flags)
  File "/home/student/Documents/cs3280project2/target/venv/build/cpython-3.6.9.final.0/lib/python3.6/sre_compile.py", line 562, in compile
    p = sre_parse.parse(p, flags)
  File "/home/student/Documents/cs3280project2/target/venv/build/cpython-3.6.9.final.0/lib/python3.6/sre_parse.py", line 869, in parse
    raise source.error("unbalanced parenthesis")
sre_constants.error: unbalanced parenthesis at position 30
]]>		</error>
	</testcase>
	<testcase classname="subnet_calculator_tests.ValidateNetmaskBitFormat" name="test_netmask_at_31" time="0.003" timestamp="2020-10-09T23:30:19">
		<error message="unbalanced parenthesis at position 30" type="error">
<![CDATA[Traceback (most recent call last):
  File "/usr/lib/python3.6/unittest/case.py", line 59, in testPartExecutor
    yield
  File "/usr/lib/python3.6/unittest/case.py", line 605, in run
    testMethod()
  File "/home/student/Documents/cs3280project2/src/unittest/python/subnet_calculator_tests.py", line 601, in test_netmask_at_31
    is_valid = subnet_calculator.validate_netmask_bit_format('31')
  File "/home/student/Documents/cs3280project2/src/main/python/subnet_calculator.py", line 68, in validate_netmask_bit_format
    if (re.match(valid_netmask_bit_regex, netmask)):
  File "/home/student/Documents/cs3280project2/target/venv/build/cpython-3.6.9.final.0/lib/python3.6/re.py", line 172, in match
    return _compile(pattern, flags).match(string)
  File "/home/student/Documents/cs3280project2/target/venv/build/cpython-3.6.9.final.0/lib/python3.6/re.py", line 301, in _compile
    p = sre_compile.compile(pattern, flags)
  File "/home/student/Documents/cs3280project2/target/venv/build/cpython-3.6.9.final.0/lib/python3.6/sre_compile.py", line 562, in compile
    p = sre_parse.parse(p, flags)
  File "/home/student/Documents/cs3280project2/target/venv/build/cpython-3.6.9.final.0/lib/python3.6/sre_parse.py", line 869, in parse
    raise source.error("unbalanced parenthesis")
sre_constants.error: unbalanced parenthesis at position 30
]]>		</error>
	</testcase>
	<testcase classname="subnet_calculator_tests.ValidateNetmaskBitFormat" name="test_netmask_at_zero" time="0.003" timestamp="2020-10-09T23:30:19">
		<error message="unbalanced parenthesis at position 30" type="error">
<![CDATA[Traceback (most recent call last):
  File "/usr/lib/python3.6/unittest/case.py", line 59, in testPartExecutor
    yield
  File "/usr/lib/python3.6/unittest/case.py", line 605, in run
    testMethod()
  File "/home/student/Documents/cs3280project2/src/unittest/python/subnet_calculator_tests.py", line 576, in test_netmask_at_zero
    is_valid = subnet_calculator.validate_netmask_bit_format('0')
  File "/home/student/Documents/cs3280project2/src/main/python/subnet_calculator.py", line 68, in validate_netmask_bit_format
    if (re.match(valid_netmask_bit_regex, netmask)):
  File "/home/student/Documents/cs3280project2/target/venv/build/cpython-3.6.9.final.0/lib/python3.6/re.py", line 172, in match
    return _compile(pattern, flags).match(string)
  File "/home/student/Documents/cs3280project2/target/venv/build/cpython-3.6.9.final.0/lib/python3.6/re.py", line 301, in _compile
    p = sre_compile.compile(pattern, flags)
  File "/home/student/Documents/cs3280project2/target/venv/build/cpython-3.6.9.final.0/lib/python3.6/sre_compile.py", line 562, in compile
    p = sre_parse.parse(p, flags)
  File "/home/student/Documents/cs3280project2/target/venv/build/cpython-3.6.9.final.0/lib/python3.6/sre_parse.py", line 869, in parse
    raise source.error("unbalanced parenthesis")
sre_constants.error: unbalanced parenthesis at position 30
]]>		</error>
	</testcase>
	<testcase classname="subnet_calculator_tests.ValidateNetmaskBitFormat" name="test_netmask_one_above_31" time="0.003" timestamp="2020-10-09T23:30:19">
		<error message="unbalanced parenthesis at position 30" type="error">
<![CDATA[Traceback (most recent call last):
  File "/usr/lib/python3.6/unittest/case.py", line 59, in testPartExecutor
    yield
  File "/usr/lib/python3.6/unittest/case.py", line 605, in run
    testMethod()
  File "/home/student/Documents/cs3280project2/src/unittest/python/subnet_calculator_tests.py", line 606, in test_netmask_one_above_31
    is_valid = subnet_calculator.validate_netmask_bit_format('32')
  File "/home/student/Documents/cs3280project2/src/main/python/subnet_calculator.py", line 68, in validate_netmask_bit_format
    if (re.match(valid_netmask_bit_regex, netmask)):
  File "/home/student/Documents/cs3280project2/target/venv/build/cpython-3.6.9.final.0/lib/python3.6/re.py", line 172, in match
    return _compile(pattern, flags).match(string)
  File "/home/student/Documents/cs3280project2/target/venv/build/cpython-3.6.9.final.0/lib/python3.6/re.py", line 301, in _compile
    p = sre_compile.compile(pattern, flags)
  File "/home/student/Documents/cs3280project2/target/venv/build/cpython-3.6.9.final.0/lib/python3.6/sre_compile.py", line 562, in compile
    p = sre_parse.parse(p, flags)
  File "/home/student/Documents/cs3280project2/target/venv/build/cpython-3.6.9.final.0/lib/python3.6/sre_parse.py", line 869, in parse
    raise source.error("unbalanced parenthesis")
sre_constants.error: unbalanced parenthesis at position 30
]]>		</error>
	</testcase>
	<testcase classname="subnet_calculator_tests.ValidateNetmaskBitFormat" name="test_netmask_one_above_zero" time="0.003" timestamp="2020-10-09T23:30:19">
		<error message="unbalanced parenthesis at position 30" type="error">
<![CDATA[Traceback (most recent call last):
  File "/usr/lib/python3.6/unittest/case.py", line 59, in testPartExecutor
    yield
  File "/usr/lib/python3.6/unittest/case.py", line 605, in run
    testMethod()
  File "/home/student/Documents/cs3280project2/src/unittest/python/subnet_calculator_tests.py", line 581, in test_netmask_one_above_zero
    is_valid = subnet_calculator.validate_netmask_bit_format('1')
  File "/home/student/Documents/cs3280project2/src/main/python/subnet_calculator.py", line 68, in validate_netmask_bit_format
    if (re.match(valid_netmask_bit_regex, netmask)):
  File "/home/student/Documents/cs3280project2/target/venv/build/cpython-3.6.9.final.0/lib/python3.6/re.py", line 172, in match
    return _compile(pattern, flags).match(string)
  File "/home/student/Documents/cs3280project2/target/venv/build/cpython-3.6.9.final.0/lib/python3.6/re.py", line 301, in _compile
    p = sre_compile.compile(pattern, flags)
  File "/home/student/Documents/cs3280project2/target/venv/build/cpython-3.6.9.final.0/lib/python3.6/sre_compile.py", line 562, in compile
    p = sre_parse.parse(p, flags)
  File "/home/student/Documents/cs3280project2/target/venv/build/cpython-3.6.9.final.0/lib/python3.6/sre_parse.py", line 869, in parse
    raise source.error("unbalanced parenthesis")
sre_constants.error: unbalanced parenthesis at position 30
]]>		</error>
	</testcase>
	<testcase classname="subnet_calculator_tests.ValidateNetmaskBitFormat" name="test_netmask_one_below_31" time="0.003" timestamp="2020-10-09T23:30:19">
		<error message="unbalanced parenthesis at position 30" type="error">
<![CDATA[Traceback (most recent call last):
  File "/usr/lib/python3.6/unittest/case.py", line 59, in testPartExecutor
    yield
  File "/usr/lib/python3.6/unittest/case.py", line 605, in run
    testMethod()
  File "/home/student/Documents/cs3280project2/src/unittest/python/subnet_calculator_tests.py", line 596, in test_netmask_one_below_31
    is_valid = subnet_calculator.validate_netmask_bit_format('30')
  File "/home/student/Documents/cs3280project2/src/main/python/subnet_calculator.py", line 68, in validate_netmask_bit_format
    if (re.match(valid_netmask_bit_regex, netmask)):
  File "/home/student/Documents/cs3280project2/target/venv/build/cpython-3.6.9.final.0/lib/python3.6/re.py", line 172, in match
    return _compile(pattern, flags).match(string)
  File "/home/student/Documents/cs3280project2/target/venv/build/cpython-3.6.9.final.0/lib/python3.6/re.py", line 301, in _compile
    p = sre_compile.compile(pattern, flags)
  File "/home/student/Documents/cs3280project2/target/venv/build/cpython-3.6.9.final.0/lib/python3.6/sre_compile.py", line 562, in compile
    p = sre_parse.parse(p, flags)
  File "/home/student/Documents/cs3280project2/target/venv/build/cpython-3.6.9.final.0/lib/python3.6/sre_parse.py", line 869, in parse
    raise source.error("unbalanced parenthesis")
sre_constants.error: unbalanced parenthesis at position 30
]]>		</error>
	</testcase>
	<testcase classname="subnet_calculator_tests.ValidateNetmaskBitFormat" name="test_netmask_one_below_zero" time="0.003" timestamp="2020-10-09T23:30:19">
		<error message="unbalanced parenthesis at position 30" type="error">
<![CDATA[Traceback (most recent call last):
  File "/usr/lib/python3.6/unittest/case.py", line 59, in testPartExecutor
    yield
  File "/usr/lib/python3.6/unittest/case.py", line 605, in run
    testMethod()
  File "/home/student/Documents/cs3280project2/src/unittest/python/subnet_calculator_tests.py", line 571, in test_netmask_one_below_zero
    is_valid = subnet_calculator.validate_netmask_bit_format('-1')
  File "/home/student/Documents/cs3280project2/src/main/python/subnet_calculator.py", line 68, in validate_netmask_bit_format
    if (re.match(valid_netmask_bit_regex, netmask)):
  File "/home/student/Documents/cs3280project2/target/venv/build/cpython-3.6.9.final.0/lib/python3.6/re.py", line 172, in match
    return _compile(pattern, flags).match(string)
  File "/home/student/Documents/cs3280project2/target/venv/build/cpython-3.6.9.final.0/lib/python3.6/re.py", line 301, in _compile
    p = sre_compile.compile(pattern, flags)
  File "/home/student/Documents/cs3280project2/target/venv/build/cpython-3.6.9.final.0/lib/python3.6/sre_compile.py", line 562, in compile
    p = sre_parse.parse(p, flags)
  File "/home/student/Documents/cs3280project2/target/venv/build/cpython-3.6.9.final.0/lib/python3.6/sre_parse.py", line 869, in parse
    raise source.error("unbalanced parenthesis")
sre_constants.error: unbalanced parenthesis at position 30
]]>		</error>
	</testcase>
	<testcase classname="subnet_calculator_tests.ValidateNetmaskBitFormat" name="test_netmask_well_above_31" time="0.006" timestamp="2020-10-09T23:30:19">
		<error message="unbalanced parenthesis at position 30" type="error">
<![CDATA[Traceback (most recent call last):
  File "/usr/lib/python3.6/unittest/case.py", line 59, in testPartExecutor
    yield
  File "/usr/lib/python3.6/unittest/case.py", line 605, in run
    testMethod()
  File "/home/student/Documents/cs3280project2/src/unittest/python/subnet_calculator_tests.py", line 611, in test_netmask_well_above_31
    is_valid = subnet_calculator.validate_netmask_bit_format('99')
  File "/home/student/Documents/cs3280project2/src/main/python/subnet_calculator.py", line 68, in validate_netmask_bit_format
    if (re.match(valid_netmask_bit_regex, netmask)):
  File "/home/student/Documents/cs3280project2/target/venv/build/cpython-3.6.9.final.0/lib/python3.6/re.py", line 172, in match
    return _compile(pattern, flags).match(string)
  File "/home/student/Documents/cs3280project2/target/venv/build/cpython-3.6.9.final.0/lib/python3.6/re.py", line 301, in _compile
    p = sre_compile.compile(pattern, flags)
  File "/home/student/Documents/cs3280project2/target/venv/build/cpython-3.6.9.final.0/lib/python3.6/sre_compile.py", line 562, in compile
    p = sre_parse.parse(p, flags)
  File "/home/student/Documents/cs3280project2/target/venv/build/cpython-3.6.9.final.0/lib/python3.6/sre_parse.py", line 869, in parse
    raise source.error("unbalanced parenthesis")
sre_constants.error: unbalanced parenthesis at position 30
]]>		</error>
	</testcase>
	<testcase classname="subnet_calculator_tests.ValidateNetmaskBitFormat" name="test_netmask_well_above_zero" time="0.003" timestamp="2020-10-09T23:30:19">
		<error message="unbalanced parenthesis at position 30" type="error">
<![CDATA[Traceback (most recent call last):
  File "/usr/lib/python3.6/unittest/case.py", line 59, in testPartExecutor
    yield
  File "/usr/lib/python3.6/unittest/case.py", line 605, in run
    testMethod()
  File "/home/student/Documents/cs3280project2/src/unittest/python/subnet_calculator_tests.py", line 586, in test_netmask_well_above_zero
    is_valid = subnet_calculator.validate_netmask_bit_format('12')
  File "/home/student/Documents/cs3280project2/src/main/python/subnet_calculator.py", line 68, in validate_netmask_bit_format
    if (re.match(valid_netmask_bit_regex, netmask)):
  File "/home/student/Documents/cs3280project2/target/venv/build/cpython-3.6.9.final.0/lib/python3.6/re.py", line 172, in match
    return _compile(pattern, flags).match(string)
  File "/home/student/Documents/cs3280project2/target/venv/build/cpython-3.6.9.final.0/lib/python3.6/re.py", line 301, in _compile
    p = sre_compile.compile(pattern, flags)
  File "/home/student/Documents/cs3280project2/target/venv/build/cpython-3.6.9.final.0/lib/python3.6/sre_compile.py", line 562, in compile
    p = sre_parse.parse(p, flags)
  File "/home/student/Documents/cs3280project2/target/venv/build/cpython-3.6.9.final.0/lib/python3.6/sre_parse.py", line 869, in parse
    raise source.error("unbalanced parenthesis")
sre_constants.error: unbalanced parenthesis at position 30
]]>		</error>
	</testcase>
	<testcase classname="subnet_calculator_tests.ValidateNetmaskBitFormat" name="test_netmask_well_below_31" time="0.003" timestamp="2020-10-09T23:30:19">
		<error message="unbalanced parenthesis at position 30" type="error">
<![CDATA[Traceback (most recent call last):
  File "/usr/lib/python3.6/unittest/case.py", line 59, in testPartExecutor
    yield
  File "/usr/lib/python3.6/unittest/case.py", line 605, in run
    testMethod()
  File "/home/student/Documents/cs3280project2/src/unittest/python/subnet_calculator_tests.py", line 591, in test_netmask_well_below_31
    is_valid = subnet_calculator.validate_netmask_bit_format('18')
  File "/home/student/Documents/cs3280project2/src/main/python/subnet_calculator.py", line 68, in validate_netmask_bit_format
    if (re.match(valid_netmask_bit_regex, netmask)):
  File "/home/student/Documents/cs3280project2/target/venv/build/cpython-3.6.9.final.0/lib/python3.6/re.py", line 172, in match
    return _compile(pattern, flags).match(string)
  File "/home/student/Documents/cs3280project2/target/venv/build/cpython-3.6.9.final.0/lib/python3.6/re.py", line 301, in _compile
    p = sre_compile.compile(pattern, flags)
  File "/home/student/Documents/cs3280project2/target/venv/build/cpython-3.6.9.final.0/lib/python3.6/sre_compile.py", line 562, in compile
    p = sre_parse.parse(p, flags)
  File "/home/student/Documents/cs3280project2/target/venv/build/cpython-3.6.9.final.0/lib/python3.6/sre_parse.py", line 869, in parse
    raise source.error("unbalanced parenthesis")
sre_constants.error: unbalanced parenthesis at position 30
]]>		</error>
	</testcase>
	<testcase classname="subnet_calculator_tests.ValidateNetmaskBitFormat" name="test_netmask_well_below_zero" time="0.003" timestamp="2020-10-09T23:30:19">
		<error message="unbalanced parenthesis at position 30" type="error">
<![CDATA[Traceback (most recent call last):
  File "/usr/lib/python3.6/unittest/case.py", line 59, in testPartExecutor
    yield
  File "/usr/lib/python3.6/unittest/case.py", line 605, in run
    testMethod()
  File "/home/student/Documents/cs3280project2/src/unittest/python/subnet_calculator_tests.py", line 566, in test_netmask_well_below_zero
    is_valid = subnet_calculator.validate_netmask_bit_format('-99')
  File "/home/student/Documents/cs3280project2/src/main/python/subnet_calculator.py", line 68, in validate_netmask_bit_format
    if (re.match(valid_netmask_bit_regex, netmask)):
  File "/home/student/Documents/cs3280project2/target/venv/build/cpython-3.6.9.final.0/lib/python3.6/re.py", line 172, in match
    return _compile(pattern, flags).match(string)
  File "/home/student/Documents/cs3280project2/target/venv/build/cpython-3.6.9.final.0/lib/python3.6/re.py", line 301, in _compile
    p = sre_compile.compile(pattern, flags)
  File "/home/student/Documents/cs3280project2/target/venv/build/cpython-3.6.9.final.0/lib/python3.6/sre_compile.py", line 562, in compile
    p = sre_parse.parse(p, flags)
  File "/home/student/Documents/cs3280project2/target/venv/build/cpython-3.6.9.final.0/lib/python3.6/sre_parse.py", line 869, in parse
    raise source.error("unbalanced parenthesis")
sre_constants.error: unbalanced parenthesis at position 30
]]>		</error>
	</testcase>
	<testcase classname="subnet_calculator_tests.ValidateNetmaskBitFormat" name="test_netmask_with_letters" time="0.003" timestamp="2020-10-09T23:30:19">
		<error message="unbalanced parenthesis at position 30" type="error">
<![CDATA[Traceback (most recent call last):
  File "/usr/lib/python3.6/unittest/case.py", line 59, in testPartExecutor
    yield
  File "/usr/lib/python3.6/unittest/case.py", line 605, in run
    testMethod()
  File "/home/student/Documents/cs3280project2/src/unittest/python/subnet_calculator_tests.py", line 616, in test_netmask_with_letters
    is_valid = subnet_calculator.validate_netmask_bit_format('9f')
  File "/home/student/Documents/cs3280project2/src/main/python/subnet_calculator.py", line 68, in validate_netmask_bit_format
    if (re.match(valid_netmask_bit_regex, netmask)):
  File "/home/student/Documents/cs3280project2/target/venv/build/cpython-3.6.9.final.0/lib/python3.6/re.py", line 172, in match
    return _compile(pattern, flags).match(string)
  File "/home/student/Documents/cs3280project2/target/venv/build/cpython-3.6.9.final.0/lib/python3.6/re.py", line 301, in _compile
    p = sre_compile.compile(pattern, flags)
  File "/home/student/Documents/cs3280project2/target/venv/build/cpython-3.6.9.final.0/lib/python3.6/sre_compile.py", line 562, in compile
    p = sre_parse.parse(p, flags)
  File "/home/student/Documents/cs3280project2/target/venv/build/cpython-3.6.9.final.0/lib/python3.6/sre_parse.py", line 869, in parse
    raise source.error("unbalanced parenthesis")
sre_constants.error: unbalanced parenthesis at position 30
]]>		</error>
	</testcase>
	<testcase classname="subnet_calculator_tests.ValidateNetmaskBitFormat" name="test_netmask_with_symbols" time="0.003" timestamp="2020-10-09T23:30:19">
		<error message="unbalanced parenthesis at position 30" type="error">
<![CDATA[Traceback (most recent call last):
  File "/usr/lib/python3.6/unittest/case.py", line 59, in testPartExecutor
    yield
  File "/usr/lib/python3.6/unittest/case.py", line 605, in run
    testMethod()
  File "/home/student/Documents/cs3280project2/src/unittest/python/subnet_calculator_tests.py", line 621, in test_netmask_with_symbols
    is_valid = subnet_calculator.validate_netmask_bit_format('9.0')
  File "/home/student/Documents/cs3280project2/src/main/python/subnet_calculator.py", line 68, in validate_netmask_bit_format
    if (re.match(valid_netmask_bit_regex, netmask)):
  File "/home/student/Documents/cs3280project2/target/venv/build/cpython-3.6.9.final.0/lib/python3.6/re.py", line 172, in match
    return _compile(pattern, flags).match(string)
  File "/home/student/Documents/cs3280project2/target/venv/build/cpython-3.6.9.final.0/lib/python3.6/re.py", line 301, in _compile
    p = sre_compile.compile(pattern, flags)
  File "/home/student/Documents/cs3280project2/target/venv/build/cpython-3.6.9.final.0/lib/python3.6/sre_compile.py", line 562, in compile
    p = sre_parse.parse(p, flags)
  File "/home/student/Documents/cs3280project2/target/venv/build/cpython-3.6.9.final.0/lib/python3.6/sre_parse.py", line 869, in parse
    raise source.error("unbalanced parenthesis")
sre_constants.error: unbalanced parenthesis at position 30
]]>		</error>
	</testcase>
</testsuite>
