<?xml version="1.0" encoding="UTF-8"?>
<testsuite errors="1" failures="0" file="subnet_calculator_tests.py" name="subnet_calculator_tests.TestConvertNetmaskBitsToBinary-20201008162002" skipped="0" tests="2" time="0.004" timestamp="2020-10-08T16:20:03">
	<testcase classname="subnet_calculator_tests.TestConvertNetmaskBitsToBinary" name="test_minimum_netmask" time="0.001" timestamp="2020-10-08T16:20:03"/>
	<testcase classname="subnet_calculator_tests.TestConvertNetmaskBitsToBinary" name="test_empty_netmask" time="0.003" timestamp="2020-10-08T16:20:03">
		<error message="invalid literal for int() with base 10: ''" type="ValueError">
<![CDATA[Traceback (most recent call last):
  File "/usr/lib/python3.6/unittest/case.py", line 59, in testPartExecutor
    yield
  File "/usr/lib/python3.6/unittest/case.py", line 605, in run
    testMethod()
  File "/home/student/Documents/cs3280project2/src/unittest/python/subnet_calculator_tests.py", line 624, in test_empty_netmask
    binary_netmask = subnet_calculator.convert_netmask_bits_to_binary('')
  File "/home/student/Documents/cs3280project2/src/main/python/subnet_calculator.py", line 79, in convert_netmask_bits_to_binary
    current_netmask_bits = int(netmask)
ValueError: invalid literal for int() with base 10: ''
]]>		</error>
	</testcase>
</testsuite>
